<?xml version="1.0" encoding="UTF-8"?>
<!-- Generated by org.testng.reporters.JUnitReportReporter -->
<testsuite skipped="0" hostname="KHIMA" name="com.prokarma.SeleniumPOMSample.LoginLogoutPOMSample" tests="1" failures="0" timestamp="12 Nov 2018 11:48:07 GMT" time="12.115" errors="0">
  <testcase name="loginLogoutPOMSample" time="12.115" classname="com.prokarma.SeleniumPOMSample.LoginLogoutPOMSample"/>
</testsuite> <!-- com.prokarma.SeleniumPOMSample.LoginLogoutPOMSample -->
